Performing C SOURCE FILE Test CMAKE_HAVE_LIBC_PTHREAD failed with the following output:
Change Dir: /home/ingbe/myGeant4/firstSim/build/CMakeFiles/CMakeTmp

Run Build Command(s):/usr/bin/make cmTC_55164/fast && /usr/bin/make -f CMakeFiles/cmTC_55164.dir/build.make CMakeFiles/cmTC_55164.dir/build
make[1]: 디렉터리 '/home/ingbe/myGeant4/firstSim/build/CMakeFiles/CMakeTmp' 들어감
Building C object CMakeFiles/cmTC_55164.dir/src.c.o
/usr/bin/cc   -DCMAKE_HAVE_LIBC_PTHREAD   -o CMakeFiles/cmTC_55164.dir/src.c.o   -c /home/ingbe/myGeant4/firstSim/build/CMakeFiles/CMakeTmp/src.c
Linking C executable cmTC_55164
/usr/bin/cmake -E cmake_link_script CMakeFiles/cmTC_55164.dir/link.txt --verbose=1
/usr/bin/cc  -DCMAKE_HAVE_LIBC_PTHREAD    CMakeFiles/cmTC_55164.dir/src.c.o  -o cmTC_55164 
/usr/bin/ld: CMakeFiles/cmTC_55164.dir/src.c.o: in function `main':
src.c:(.text+0x46): undefined reference to `pthread_create'
/usr/bin/ld: src.c:(.text+0x52): undefined reference to `pthread_detach'
/usr/bin/ld: src.c:(.text+0x63): undefined reference to `pthread_join'
collect2: error: ld returned 1 exit status
make[1]: *** [CMakeFiles/cmTC_55164.dir/build.make:87: cmTC_55164] 오류 1
make[1]: 디렉터리 '/home/ingbe/myGeant4/firstSim/build/CMakeFiles/CMakeTmp' 나감
make: *** [Makefile:121: cmTC_55164/fast] 오류 2


Source file was:
#include <pthread.h>

void* test_func(void* data)
{
  return data;
}

int main(void)
{
  pthread_t thread;
  pthread_create(&thread, NULL, test_func, NULL);
  pthread_detach(thread);
  pthread_join(thread, NULL);
  pthread_atfork(NULL, NULL, NULL);
  pthread_exit(NULL);

  return 0;
}

